This file contains any messages produced by compilers while
running configure, to aid debugging if configure makes a mistake.

It was created by curl configure -, which was
generated by GNU Autoconf 2.71.  Invocation command line was

  $ ./configure --prefix=/home/chenyujie/curl/ftps_crul --host=arm-linux 'CC=arm-oe-linux-gnueabi-gcc --sysroot=/home/chenyujie/learngit/sim_crosscompile/sysroots/mdm9607-perf' CXX=arm-oe-linux-gnueabi-g++ --with-openssl=/home/chenyujie/learngit/testopenssl --enable-shared --enable-static --disable-dict --enable-ftp --disable-imap --disable-ldap --disable-ldaps --disable-pop3 --disable-proxy --disable-rtsp --disable-smtp --disable-telnet --disable-tftp --disable-zlib --without-ca-bundle --without-gnutls --without-libidn --without-librtmp --without-libssh2 --without-nss --without-zlib

## --------- ##
## Platform. ##
## --------- ##

hostname = ubuntu
uname -m = x86_64
uname -r = 5.4.0-122-generic
uname -s = Linux
uname -v = #138~18.04.1-Ubuntu SMP Fri Jun 24 14:14:03 UTC 2022

/usr/bin/uname -p = unknown
/bin/uname -X     = unknown

/bin/arch              = unknown
/usr/bin/arch -k       = unknown
/usr/convex/getsysinfo = unknown
/usr/bin/hostinfo      = unknown
/bin/machine           = unknown
/usr/bin/oslevel       = unknown
/bin/universe          = unknown

PATH: /usr/local/sbin/
PATH: /usr/local/bin/
PATH: /usr/sbin/
PATH: /usr/bin/
PATH: /sbin/
PATH: /bin/
PATH: /usr/games/
PATH: /usr/local/games/
PATH: /snap/bin/
PATH: /home/chenyujie/learngit/sim_crosscompile/sysroots/x86_64-linux/usr/bin/arm-oe-linux-gnueabi/
PATH: /home/chenyujie/learngit/sim_crosscompile/sysroots/x86_64-linux/usr/bin/arm-oe-linux-gnueabi/


## ----------- ##
## Core tests. ##
## ----------- ##

configure:3292: looking for aux files: ltmain.sh config.guess config.sub missing compile install-sh
configure:3305:  trying ./
configure:3334:   ./ltmain.sh found
configure:3334:   ./config.guess found
configure:3334:   ./config.sub found
configure:3334:   ./missing found
configure:3334:   ./compile found
configure:3316:   ./install-sh found
configure:3460: checking whether to enable maintainer-specific portions of Makefiles
configure:3470: result: no
configure:3495: checking whether make supports nested variables
configure:3513: result: yes
configure:3526: checking whether to enable debug build options
configure:3549: result: no
configure:3553: checking whether to enable compiler optimizer
configure:3575: result: (assumed) yes
configure:3587: checking whether to enable strict compiler warnings
configure:3607: result: no
configure:3611: checking whether to enable compiler warnings as errors
configure:3631: result: no
configure:3635: checking whether to enable curl debug memory tracking
configure:3658: result: no
configure:3675: checking whether to enable hiding of library internal symbols
configure:3692: result: yes
configure:3703: checking whether to enable c-ares for DNS lookups
configure:3726: result: no
configure:3730: checking whether to disable dependency on -lrt
configure:3747: result: (assumed no)
configure:3758: checking whether to enable ECH support
configure:3777: result: no
configure:3808: checking for path separator
configure:3810: result: :
configure:3830: checking for sed
configure:3854: found /bin/sed
configure:3867: result: /bin/sed
configure:3884: checking for grep
configure:3908: found /bin/grep
configure:3921: result: /bin/grep
configure:3937: checking for egrep
configure:3940: result: /bin/grep -E
configure:4001: checking for arm-linux-ar
configure:4040: result: no
configure:4050: checking for ar
configure:4074: found /usr/bin/ar
configure:4086: result: /usr/bin/ar
configure:4307: checking for a BSD-compatible install
configure:4380: result: /usr/bin/install -c
configure:4412: checking for arm-linux-gcc
configure:4444: result: arm-oe-linux-gnueabi-gcc --sysroot=/home/chenyujie/learngit/sim_crosscompile/sysroots/mdm9607-perf
configure:4842: checking for C compiler version
configure:4851: arm-oe-linux-gnueabi-gcc --sysroot=/home/chenyujie/learngit/sim_crosscompile/sysroots/mdm9607-perf --version >&5
arm-oe-linux-gnueabi-gcc (GCC) 4.9.2
Copyright (C) 2014 Free Software Foundation, Inc.
This is free software; see the source for copying conditions.  There is NO
warranty; not even for MERCHANTABILITY or FITNESS FOR A PARTICULAR PURPOSE.

configure:4862: $? = 0
configure:4851: arm-oe-linux-gnueabi-gcc --sysroot=/home/chenyujie/learngit/sim_crosscompile/sysroots/mdm9607-perf -v >&5
Using built-in specs.
COLLECT_GCC=arm-oe-linux-gnueabi-gcc
COLLECT_LTO_WRAPPER=/home/chenyujie/learngit/sim_crosscompile/sysroots/x86_64-linux/usr/bin/arm-oe-linux-gnueabi/../../libexec/arm-oe-linux-gnueabi/gcc/arm-oe-linux-gnueabi/4.9.2/lto-wrapper
Target: arm-oe-linux-gnueabi
Configured with: /home/mk-build1/haotian/LE11_LATEST_AP/oe-core/build/tmp-glibc/work-shared/gcc-4.9.2-r0/gcc-4.9.2/configure --build=x86_64-linux --host=x86_64-linux --target=arm-oe-linux-gnueabi --prefix=/home/mk-build1/haotian/LE11_LATEST_AP/oe-core/build/tmp-glibc/sysroots/x86_64-linux/usr --exec_prefix=/home/mk-build1/haotian/LE11_LATEST_AP/oe-core/build/tmp-glibc/sysroots/x86_64-linux/usr --bindir=/home/mk-build1/haotian/LE11_LATEST_AP/oe-core/build/tmp-glibc/sysroots/x86_64-linux/usr/bin/arm-oe-linux-gnueabi --sbindir=/home/mk-build1/haotian/LE11_LATEST_AP/oe-core/build/tmp-glibc/sysroots/x86_64-linux/usr/bin/arm-oe-linux-gnueabi --libexecdir=/home/mk-build1/haotian/LE11_LATEST_AP/oe-core/build/tmp-glibc/sysroots/x86_64-linux/usr/libexec/arm-oe-linux-gnueabi --datadir=/home/mk-build1/haotian/LE11_LATEST_AP/oe-core/build/tmp-glibc/sysroots/x86_64-linux/usr/share --sysconfdir=/home/mk-build1/haotian/LE11_LATEST_AP/oe-core/build/tmp-glibc/sysroots/x86_64-linux/etc --sharedstatedir=/home/mk-build1/haotian/LE11_LATEST_AP/oe-core/build/tmp-glibc/sysroots/x86_64-linux/com --localstatedir=/home/mk-build1/haotian/LE11_LATEST_AP/oe-core/build/tmp-glibc/sysroots/x86_64-linux/var --libdir=/home/mk-build1/haotian/LE11_LATEST_AP/oe-core/build/tmp-glibc/sysroots/x86_64-linux/usr/lib/arm-oe-linux-gnueabi --includedir=/home/mk-build1/haotian/LE11_LATEST_AP/oe-core/build/tmp-glibc/sysroots/x86_64-linux/usr/include --oldincludedir=/home/mk-build1/haotian/LE11_LATEST_AP/oe-core/build/tmp-glibc/sysroots/x86_64-linux/usr/include --infodir=/home/mk-build1/haotian/LE11_LATEST_AP/oe-core/build/tmp-glibc/sysroots/x86_64-linux/usr/share/info --mandir=/home/mk-build1/haotian/LE11_LATEST_AP/oe-core/build/tmp-glibc/sysroots/x86_64-linux/usr/share/man --disable-silent-rules --disable-dependency-tracking --with-libtool-sysroot=/home/mk-build1/haotian/LE11_LATEST_AP/oe-core/build/tmp-glibc/sysroots/x86_64-linux --enable-clocale=generic --with-gnu-ld --enable-shared --enable-languages=c,c++ --enable-threads=posix --disable-multilib --enable-c99 --enable-long-long --enable-symvers=gnu --enable-libstdcxx-pch --program-prefix=arm-oe-linux-gnueabi- --without-local-prefix --enable-target-optspace --enable-lto --enable-libssp --disable-bootstrap --disable-libmudflap --with-system-zlib --with-linker-hash-style=gnu --enable-linker-build-id --with-ppl=no --with-cloog=no --enable-checking=release --enable-cheaders=c_global --with-gxx-include-dir=/not/exist/usr/include/c++/4.9.2 --with-sysroot=/not/exist --with-build-sysroot=/home/mk-build1/haotian/LE11_LATEST_AP/oe-core/build/tmp-glibc/sysroots/mdm9607 --enable-poison-system-directories --with-mpfr=/home/mk-build1/haotian/LE11_LATEST_AP/oe-core/build/tmp-glibc/sysroots/x86_64-linux/usr --with-system-zlib --disable-nls --with-arch=armv7-a
Thread model: posix
gcc version 4.9.2 (GCC) 
configure:4862: $? = 0
configure:4851: arm-oe-linux-gnueabi-gcc --sysroot=/home/chenyujie/learngit/sim_crosscompile/sysroots/mdm9607-perf -V >&5
arm-oe-linux-gnueabi-gcc: error: unrecognized command line option '-V'
arm-oe-linux-gnueabi-gcc: fatal error: no input files
compilation terminated.
configure:4862: $? = 1
configure:4851: arm-oe-linux-gnueabi-gcc --sysroot=/home/chenyujie/learngit/sim_crosscompile/sysroots/mdm9607-perf -qversion >&5
arm-oe-linux-gnueabi-gcc: error: unrecognized command line option '-qversion'
arm-oe-linux-gnueabi-gcc: fatal error: no input files
compilation terminated.
configure:4862: $? = 1
configure:4851: arm-oe-linux-gnueabi-gcc --sysroot=/home/chenyujie/learngit/sim_crosscompile/sysroots/mdm9607-perf -version >&5
arm-oe-linux-gnueabi-gcc: error: unrecognized command line option '-version'
arm-oe-linux-gnueabi-gcc: fatal error: no input files
compilation terminated.
configure:4862: $? = 1
configure:4881: checking whether the C compiler works
configure:4903: arm-oe-linux-gnueabi-gcc --sysroot=/home/chenyujie/learngit/sim_crosscompile/sysroots/mdm9607-perf  -I/home/chenyujie/learngit/testopenssl/include -L/home/chenyujie/learngit/testopenssl/lib conftest.c -ldl >&5
configure:4907: $? = 0
configure:4957: result: yes
configure:4960: checking for C compiler default output file name
configure:4962: result: a.out
configure:4968: checking for suffix of executables
configure:4975: arm-oe-linux-gnueabi-gcc --sysroot=/home/chenyujie/learngit/sim_crosscompile/sysroots/mdm9607-perf -o conftest  -I/home/chenyujie/learngit/testopenssl/include -L/home/chenyujie/learngit/testopenssl/lib conftest.c -ldl >&5
configure:4979: $? = 0
configure:5002: result: 
configure:5023: checking whether we are cross compiling
configure:5031: arm-oe-linux-gnueabi-gcc --sysroot=/home/chenyujie/learngit/sim_crosscompile/sysroots/mdm9607-perf -o conftest  -I/home/chenyujie/learngit/testopenssl/include -L/home/chenyujie/learngit/testopenssl/lib conftest.c -ldl >&5
configure:5035: $? = 0
configure:5042: ./conftest
./configure: line 5044: ./conftest: cannot execute binary file: Exec format error
configure:5046: $? = 126
configure:5061: result: yes
configure:5066: checking for suffix of object files
configure:5088: arm-oe-linux-gnueabi-gcc --sysroot=/home/chenyujie/learngit/sim_crosscompile/sysroots/mdm9607-perf -c  -I/home/chenyujie/learngit/testopenssl/include conftest.c >&5
configure:5092: $? = 0
configure:5114: result: o
configure:5118: checking whether the compiler supports GNU C
configure:5137: arm-oe-linux-gnueabi-gcc --sysroot=/home/chenyujie/learngit/sim_crosscompile/sysroots/mdm9607-perf -c  -I/home/chenyujie/learngit/testopenssl/include conftest.c >&5
configure:5137: $? = 0
configure:5147: result: yes
configure:5158: checking whether arm-oe-linux-gnueabi-gcc --sysroot=/home/chenyujie/learngit/sim_crosscompile/sysroots/mdm9607-perf accepts -g
configure:5178: arm-oe-linux-gnueabi-gcc --sysroot=/home/chenyujie/learngit/sim_crosscompile/sysroots/mdm9607-perf -c -g -I/home/chenyujie/learngit/testopenssl/include conftest.c >&5
configure:5178: $? = 0
configure:5220: result: yes
configure:5240: checking for arm-oe-linux-gnueabi-gcc --sysroot=/home/chenyujie/learngit/sim_crosscompile/sysroots/mdm9607-perf option to enable C11 features
configure:5255: arm-oe-linux-gnueabi-gcc --sysroot=/home/chenyujie/learngit/sim_crosscompile/sysroots/mdm9607-perf  -c -g -O2 -I/home/chenyujie/learngit/testopenssl/include conftest.c >&5
conftest.c:61:3: error: #error "Compiler does not advertise C99 conformance"
 # error "Compiler does not advertise C99 conformance"
   ^
conftest.c:116:29: error: expected ';', ',' or ')' before 'text'
 test_restrict (ccp restrict text)
                             ^
conftest.c:165:3: error: #error "Compiler does not advertise C11 conformance"
 # error "Compiler does not advertise C11 conformance"
   ^
conftest.c:196:12: error: 'syntax' undeclared here (not in a function)
 #define u8 syntax error!
            ^
conftest.c:197:29: note: in expansion of macro 'u8'
 char const utf8_literal[] = u8"happens to be ASCII" "another string";
                             ^
conftest.c:196:19: error: expected ',' or ';' before 'error'
 #define u8 syntax error!
                   ^
conftest.c:197:29: note: in expansion of macro 'u8'
 char const utf8_literal[] = u8"happens to be ASCII" "another string";
                             ^
conftest.c: In function 'main':
conftest.c:230:18: error: expected '=', ',', ';', 'asm' or '__attribute__' before 'newvar'
   char *restrict newvar = "Another string";
                  ^
conftest.c:230:18: error: 'newvar' undeclared (first use in this function)
conftest.c:230:18: note: each undeclared identifier is reported only once for each function it appears in
conftest.c:240:3: error: 'for' loop initial declarations are only allowed in C99 or C11 mode
   for (int i = 0; i < ia->datasize; ++i)
   ^
conftest.c:240:3: note: use option -std=c99, -std=gnu99, -std=c11 or -std=gnu11 to compile your code
configure:5255: $? = 1
configure: failed program was:
| /* confdefs.h */
| #define PACKAGE_NAME "curl"
| #define PACKAGE_TARNAME "curl"
| #define PACKAGE_VERSION "-"
| #define PACKAGE_STRING "curl -"
| #define PACKAGE_BUGREPORT "a suitable curl mailing list: https://curl.se/mail/"
| #define PACKAGE_URL ""
| /* end confdefs.h.  */
| 
| /* Does the compiler advertise C89 conformance?
|    Do not test the value of __STDC__, because some compilers set it to 0
|    while being otherwise adequately conformant. */
| #if !defined __STDC__
| # error "Compiler does not advertise C89 conformance"
| #endif
| 
| #include <stddef.h>
| #include <stdarg.h>
| struct stat;
| /* Most of the following tests are stolen from RCS 5.7 src/conf.sh.  */
| struct buf { int x; };
| struct buf * (*rcsopen) (struct buf *, struct stat *, int);
| static char *e (p, i)
|      char **p;
|      int i;
| {
|   return p[i];
| }
| static char *f (char * (*g) (char **, int), char **p, ...)
| {
|   char *s;
|   va_list v;
|   va_start (v,p);
|   s = g (p, va_arg (v,int));
|   va_end (v);
|   return s;
| }
| 
| /* OSF 4.0 Compaq cc is some sort of almost-ANSI by default.  It has
|    function prototypes and stuff, but not \xHH hex character constants.
|    These do not provoke an error unfortunately, instead are silently treated
|    as an "x".  The following induces an error, until -std is added to get
|    proper ANSI mode.  Curiously \x00 != x always comes out true, for an
|    array size at least.  It is necessary to write \x00 == 0 to get something
|    that is true only with -std.  */
| int osf4_cc_array ['\x00' == 0 ? 1 : -1];
| 
| /* IBM C 6 for AIX is almost-ANSI by default, but it replaces macro parameters
|    inside strings and character constants.  */
| #define FOO(x) 'x'
| int xlc6_cc_array[FOO(a) == 'x' ? 1 : -1];
| 
| int test (int i, double x);
| struct s1 {int (*f) (int a);};
| struct s2 {int (*f) (double a);};
| int pairnames (int, char **, int *(*)(struct buf *, struct stat *, int),
|                int, int);
| 
| // Does the compiler advertise C99 conformance?
| #if !defined __STDC_VERSION__ || __STDC_VERSION__ < 199901L
| # error "Compiler does not advertise C99 conformance"
| #endif
| 
| #include <stdbool.h>
| extern int puts (const char *);
| extern int printf (const char *, ...);
| extern int dprintf (int, const char *, ...);
| extern void *malloc (size_t);
| 
| // Check varargs macros.  These examples are taken from C99 6.10.3.5.
| // dprintf is used instead of fprintf to avoid needing to declare
| // FILE and stderr.
| #define debug(...) dprintf (2, __VA_ARGS__)
| #define showlist(...) puts (#__VA_ARGS__)
| #define report(test,...) ((test) ? puts (#test) : printf (__VA_ARGS__))
| static void
| test_varargs_macros (void)
| {
|   int x = 1234;
|   int y = 5678;
|   debug ("Flag");
|   debug ("X = %d\n", x);
|   showlist (The first, second, and third items.);
|   report (x>y, "x is %d but y is %d", x, y);
| }
| 
| // Check long long types.
| #define BIG64 18446744073709551615ull
| #define BIG32 4294967295ul
| #define BIG_OK (BIG64 / BIG32 == 4294967297ull && BIG64 % BIG32 == 0)
| #if !BIG_OK
|   #error "your preprocessor is broken"
| #endif
| #if BIG_OK
| #else
|   #error "your preprocessor is broken"
| #endif
| static long long int bignum = -9223372036854775807LL;
| static unsigned long long int ubignum = BIG64;
| 
| struct incomplete_array
| {
|   int datasize;
|   double data[];
| };
| 
| struct named_init {
|   int number;
|   const wchar_t *name;
|   double average;
| };
| 
| typedef const char *ccp;
| 
| static inline int
| test_restrict (ccp restrict text)
| {
|   // See if C++-style comments work.
|   // Iterate through items via the restricted pointer.
|   // Also check for declarations in for loops.
|   for (unsigned int i = 0; *(text+i) != '\0'; ++i)
|     continue;
|   return 0;
| }
| 
| // Check varargs and va_copy.
| static bool
| test_varargs (const char *format, ...)
| {
|   va_list args;
|   va_start (args, format);
|   va_list args_copy;
|   va_copy (args_copy, args);
| 
|   const char *str = "";
|   int number = 0;
|   float fnumber = 0;
| 
|   while (*format)
|     {
|       switch (*format++)
| 	{
| 	case 's': // string
| 	  str = va_arg (args_copy, const char *);
| 	  break;
| 	case 'd': // int
| 	  number = va_arg (args_copy, int);
| 	  break;
| 	case 'f': // float
| 	  fnumber = va_arg (args_copy, double);
| 	  break;
| 	default:
| 	  break;
| 	}
|     }
|   va_end (args_copy);
|   va_end (args);
| 
|   return *str && number && fnumber;
| }
| 
| 
| // Does the compiler advertise C11 conformance?
| #if !defined __STDC_VERSION__ || __STDC_VERSION__ < 201112L
| # error "Compiler does not advertise C11 conformance"
| #endif
| 
| // Check _Alignas.
| char _Alignas (double) aligned_as_double;
| char _Alignas (0) no_special_alignment;
| extern char aligned_as_int;
| char _Alignas (0) _Alignas (int) aligned_as_int;
| 
| // Check _Alignof.
| enum
| {
|   int_alignment = _Alignof (int),
|   int_array_alignment = _Alignof (int[100]),
|   char_alignment = _Alignof (char)
| };
| _Static_assert (0 < -_Alignof (int), "_Alignof is signed");
| 
| // Check _Noreturn.
| int _Noreturn does_not_return (void) { for (;;) continue; }
| 
| // Check _Static_assert.
| struct test_static_assert
| {
|   int x;
|   _Static_assert (sizeof (int) <= sizeof (long int),
|                   "_Static_assert does not work in struct");
|   long int y;
| };
| 
| // Check UTF-8 literals.
| #define u8 syntax error!
| char const utf8_literal[] = u8"happens to be ASCII" "another string";
| 
| // Check duplicate typedefs.
| typedef long *long_ptr;
| typedef long int *long_ptr;
| typedef long_ptr long_ptr;
| 
| // Anonymous structures and unions -- taken from C11 6.7.2.1 Example 1.
| struct anonymous
| {
|   union {
|     struct { int i; int j; };
|     struct { int k; long int l; } w;
|   };
|   int m;
| } v1;
| 
| 
| int
| main (int argc, char **argv)
| {
|   int ok = 0;
|   
| ok |= (argc == 0 || f (e, argv, 0) != argv[0] || f (e, argv, 1) != argv[1]);
| 
|   
|   // Check bool.
|   _Bool success = false;
|   success |= (argc != 0);
| 
|   // Check restrict.
|   if (test_restrict ("String literal") == 0)
|     success = true;
|   char *restrict newvar = "Another string";
| 
|   // Check varargs.
|   success &= test_varargs ("s, d' f .", "string", 65, 34.234);
|   test_varargs_macros ();
| 
|   // Check flexible array members.
|   struct incomplete_array *ia =
|     malloc (sizeof (struct incomplete_array) + (sizeof (double) * 10));
|   ia->datasize = 10;
|   for (int i = 0; i < ia->datasize; ++i)
|     ia->data[i] = i * 1.234;
| 
|   // Check named initializers.
|   struct named_init ni = {
|     .number = 34,
|     .name = L"Test wide string",
|     .average = 543.34343,
|   };
| 
|   ni.number = 58;
| 
|   int dynamic_array[ni.number];
|   dynamic_array[0] = argv[0][0];
|   dynamic_array[ni.number - 1] = 543;
| 
|   // work around unused variable warnings
|   ok |= (!success || bignum == 0LL || ubignum == 0uLL || newvar[0] == 'x'
| 	 || dynamic_array[ni.number - 1] != 543);
| 
|   
|   _Static_assert ((offsetof (struct anonymous, i)
| 		   == offsetof (struct anonymous, w.k)),
| 		  "Anonymous union alignment botch");
|   v1.i = 2;
|   v1.w.k = 5;
|   ok |= v1.i != 5;
| 
|   return ok;
| }
| 
configure:5255: arm-oe-linux-gnueabi-gcc --sysroot=/home/chenyujie/learngit/sim_crosscompile/sysroots/mdm9607-perf -std=gnu11 -c -g -O2 -I/home/chenyujie/learngit/testopenssl/include conftest.c >&5
configure:5255: $? = 0
configure:5276: result: -std=gnu11
configure:5389: checking whether arm-oe-linux-gnueabi-gcc --sysroot=/home/chenyujie/learngit/sim_crosscompile/sysroots/mdm9607-perf -std=gnu11 understands -c and -o together
configure:5411: arm-oe-linux-gnueabi-gcc --sysroot=/home/chenyujie/learngit/sim_crosscompile/sysroots/mdm9607-perf -std=gnu11 -c conftest.c -o conftest2.o
configure:5414: $? = 0
configure:5411: arm-oe-linux-gnueabi-gcc --sysroot=/home/chenyujie/learngit/sim_crosscompile/sysroots/mdm9607-perf -std=gnu11 -c conftest.c -o conftest2.o
configure:5414: $? = 0
configure:5426: result: yes
configure:5449: checking how to run the C preprocessor
configure:5475: arm-oe-linux-gnueabi-gcc --sysroot=/home/chenyujie/learngit/sim_crosscompile/sysroots/mdm9607-perf -std=gnu11 -E -I/home/chenyujie/learngit/testopenssl/include conftest.c
configure:5475: $? = 0
configure:5490: arm-oe-linux-gnueabi-gcc --sysroot=/home/chenyujie/learngit/sim_crosscompile/sysroots/mdm9607-perf -std=gnu11 -E -I/home/chenyujie/learngit/testopenssl/include conftest.c
conftest.c:9:28: fatal error: ac_nonexistent.h: No such file or directory
 #include <ac_nonexistent.h>
                            ^
compilation terminated.
configure:5490: $? = 1
configure: failed program was:
| /* confdefs.h */
| #define PACKAGE_NAME "curl"
| #define PACKAGE_TARNAME "curl"
| #define PACKAGE_VERSION "-"
| #define PACKAGE_STRING "curl -"
| #define PACKAGE_BUGREPORT "a suitable curl mailing list: https://curl.se/mail/"
| #define PACKAGE_URL ""
| /* end confdefs.h.  */
| #include <ac_nonexistent.h>
configure:5517: result: arm-oe-linux-gnueabi-gcc --sysroot=/home/chenyujie/learngit/sim_crosscompile/sysroots/mdm9607-perf -std=gnu11 -E
configure:5531: arm-oe-linux-gnueabi-gcc --sysroot=/home/chenyujie/learngit/sim_crosscompile/sysroots/mdm9607-perf -std=gnu11 -E -I/home/chenyujie/learngit/testopenssl/include conftest.c
configure:5531: $? = 0
configure:5546: arm-oe-linux-gnueabi-gcc --sysroot=/home/chenyujie/learngit/sim_crosscompile/sysroots/mdm9607-perf -std=gnu11 -E -I/home/chenyujie/learngit/testopenssl/include conftest.c
conftest.c:9:28: fatal error: ac_nonexistent.h: No such file or directory
 #include <ac_nonexistent.h>
                            ^
compilation terminated.
configure:5546: $? = 1
configure: failed program was:
| /* confdefs.h */
| #define PACKAGE_NAME "curl"
| #define PACKAGE_TARNAME "curl"
| #define PACKAGE_VERSION "-"
| #define PACKAGE_STRING "curl -"
| #define PACKAGE_BUGREPORT "a suitable curl mailing list: https://curl.se/mail/"
| #define PACKAGE_URL ""
| /* end confdefs.h.  */
| #include <ac_nonexistent.h>
configure:5589: checking if _Atomic is available
configure:5607: arm-oe-linux-gnueabi-gcc --sysroot=/home/chenyujie/learngit/sim_crosscompile/sysroots/mdm9607-perf -std=gnu11 -c  -I/home/chenyujie/learngit/testopenssl/include conftest.c >&5
configure:5607: $? = 0
configure:5610: result: yes
configure:5627: checking for a sed that does not truncate output
configure:5697: result: /bin/sed
configure:5705: checking for code coverage support
configure:5721: result: no
configure:5886: checking whether build environment is sane
configure:5941: result: yes
configure:5993: checking for arm-linux-strip
configure:6028: result: no
configure:6038: checking for strip
configure:6059: found /usr/bin/strip
configure:6070: result: strip
configure:6082: WARNING: using cross tools not prefixed with host triplet
configure:6096: checking for a race-free mkdir -p
configure:6140: result: /bin/mkdir -p
configure:6147: checking for gawk
configure:6182: result: no
configure:6147: checking for mawk
configure:6168: found /usr/bin/mawk
configure:6179: result: mawk
configure:6190: checking whether make sets $(MAKE)
configure:6213: result: yes
configure:6235: checking whether make supports the include directive
configure:6250: make -f confmf.GNU && cat confinc.out
this is the am__doit target
configure:6253: $? = 0
configure:6272: result: yes (GNU style)
configure:6369: checking dependency style of arm-oe-linux-gnueabi-gcc --sysroot=/home/chenyujie/learngit/sim_crosscompile/sysroots/mdm9607-perf -std=gnu11
configure:6481: result: gcc3
configure:6558: checking curl version
configure:6560: result: 7.84.0
configure:6779: error: select TLS backend(s) or disable TLS with --without-ssl.

Select from these:

  --with-amissl
  --with-bearssl
  --with-gnutls
  --with-mbedtls
  --with-nss
  --with-openssl (also works for BoringSSL and libressl)
  --with-rustls
  --with-schannel
  --with-secure-transport
  --with-wolfssl


## ---------------- ##
## Cache variables. ##
## ---------------- ##

ac_cv_c_compiler_gnu=yes
ac_cv_env_CC_set=set
ac_cv_env_CC_value='arm-oe-linux-gnueabi-gcc --sysroot=/home/chenyujie/learngit/sim_crosscompile/sysroots/mdm9607-perf'
ac_cv_env_CFLAGS_set=
ac_cv_env_CFLAGS_value=
ac_cv_env_CPPFLAGS_set=set
ac_cv_env_CPPFLAGS_value=-I/home/chenyujie/learngit/testopenssl/include
ac_cv_env_CPP_set=
ac_cv_env_CPP_value=
ac_cv_env_LDFLAGS_set=set
ac_cv_env_LDFLAGS_value=-L/home/chenyujie/learngit/testopenssl/lib
ac_cv_env_LIBS_set=set
ac_cv_env_LIBS_value=-ldl
ac_cv_env_LT_SYS_LIBRARY_PATH_set=
ac_cv_env_LT_SYS_LIBRARY_PATH_value=
ac_cv_env_build_alias_set=
ac_cv_env_build_alias_value=
ac_cv_env_host_alias_set=set
ac_cv_env_host_alias_value=arm-linux
ac_cv_env_target_alias_set=
ac_cv_env_target_alias_value=
ac_cv_objext=o
ac_cv_path_GREP=/bin/grep
ac_cv_path_SED=/bin/sed
ac_cv_path_ac_pt_AR=/usr/bin/ar
ac_cv_path_install='/usr/bin/install -c'
ac_cv_path_mkdir=/bin/mkdir
ac_cv_prog_AWK=mawk
ac_cv_prog_CC='arm-oe-linux-gnueabi-gcc --sysroot=/home/chenyujie/learngit/sim_crosscompile/sysroots/mdm9607-perf'
ac_cv_prog_CPP='arm-oe-linux-gnueabi-gcc --sysroot=/home/chenyujie/learngit/sim_crosscompile/sysroots/mdm9607-perf -std=gnu11 -E'
ac_cv_prog_ac_ct_STRIP=strip
ac_cv_prog_cc_c11=-std=gnu11
ac_cv_prog_cc_g=yes
ac_cv_prog_cc_stdc=-std=gnu11
ac_cv_prog_make_make_set=yes
am_cv_CC_dependencies_compiler_type=gcc3
am_cv_make_support_nested_variables=yes
am_cv_prog_cc_c_o=yes

## ----------------- ##
## Output variables. ##
## ----------------- ##

ACLOCAL='${SHELL} '\''/home/chenyujie/learngit/curl-7.84.0/missing'\'' aclocal-1.16'
AMDEPBACKSLASH='\'
AMDEP_FALSE='#'
AMDEP_TRUE=''
AMTAR='$${TAR-tar}'
AM_BACKSLASH='\'
AM_DEFAULT_V='$(AM_DEFAULT_VERBOSITY)'
AM_DEFAULT_VERBOSITY='0'
AM_V='$(V)'
AR='/usr/bin/ar'
AR_FLAGS=''
AS=''
AUTOCONF='${SHELL} '\''/home/chenyujie/learngit/curl-7.84.0/missing'\'' autoconf'
AUTOHEADER='${SHELL} '\''/home/chenyujie/learngit/curl-7.84.0/missing'\'' autoheader'
AUTOMAKE='${SHELL} '\''/home/chenyujie/learngit/curl-7.84.0/missing'\'' automake-1.16'
AWK='mawk'
BLANK_AT_MAKETIME=''
BUILD_LIBHOSTNAME_FALSE=''
BUILD_LIBHOSTNAME_TRUE=''
BUILD_STUB_GSS_FALSE=''
BUILD_STUB_GSS_TRUE=''
BUILD_UNITTESTS_FALSE=''
BUILD_UNITTESTS_TRUE=''
CC='arm-oe-linux-gnueabi-gcc --sysroot=/home/chenyujie/learngit/sim_crosscompile/sysroots/mdm9607-perf -std=gnu11'
CCDEPMODE='depmode=gcc3'
CFLAGS=''
CFLAG_CURL_SYMBOL_HIDING=''
CONFIGURE_OPTIONS='" '\''--prefix=/home/chenyujie/curl/ftps_crul'\'' '\''--host=arm-linux'\'' '\''CC=arm-oe-linux-gnueabi-gcc --sysroot=/home/chenyujie/learngit/sim_crosscompile/sysroots/mdm9607-perf'\'' '\''CXX=arm-oe-linux-gnueabi-g++ --with-openssl=/home/chenyujie/learngit/testopenssl --enable-shared --enable-static --disable-dict --enable-ftp --disable-imap --disable-ldap --disable-ldaps --disable-pop3 --disable-proxy --disable-rtsp --disable-smtp --disable-telnet --disable-tftp --disable-zlib --without-ca-bundle --without-gnutls --without-libidn --without-librtmp --without-libssh2 --without-nss --without-zlib'\'' '\''host_alias=arm-linux'\'' '\''LDFLAGS=-L/home/chenyujie/learngit/testopenssl/lib'\'' '\''LIBS=-ldl'\'' '\''CPPFLAGS=-I/home/chenyujie/learngit/testopenssl/include'\''"'
CPP='arm-oe-linux-gnueabi-gcc --sysroot=/home/chenyujie/learngit/sim_crosscompile/sysroots/mdm9607-perf -std=gnu11 -E'
CPPFLAGS='-I/home/chenyujie/learngit/testopenssl/include'
CPPFLAG_CURL_STATICLIB=''
CROSSCOMPILING_FALSE=''
CROSSCOMPILING_TRUE=''
CSCOPE='cscope'
CTAGS='ctags'
CURLDEBUG_FALSE=''
CURLDEBUG_TRUE=''
CURLVERSION='7.84.0'
CURL_CA_BUNDLE=''
CURL_CFLAG_EXTRAS=''
CURL_DISABLE_DICT=''
CURL_DISABLE_FILE=''
CURL_DISABLE_FTP=''
CURL_DISABLE_GOPHER=''
CURL_DISABLE_HTTP=''
CURL_DISABLE_IMAP=''
CURL_DISABLE_LDAP=''
CURL_DISABLE_LDAPS=''
CURL_DISABLE_MQTT=''
CURL_DISABLE_POP3=''
CURL_DISABLE_PROXY=''
CURL_DISABLE_RTSP=''
CURL_DISABLE_SMB=''
CURL_DISABLE_SMTP=''
CURL_DISABLE_TELNET=''
CURL_DISABLE_TFTP=''
CURL_LT_SHLIB_USE_MIMPURE_TEXT_FALSE=''
CURL_LT_SHLIB_USE_MIMPURE_TEXT_TRUE=''
CURL_LT_SHLIB_USE_NO_UNDEFINED_FALSE=''
CURL_LT_SHLIB_USE_NO_UNDEFINED_TRUE=''
CURL_LT_SHLIB_USE_VERSIONED_SYMBOLS_FALSE=''
CURL_LT_SHLIB_USE_VERSIONED_SYMBOLS_TRUE=''
CURL_LT_SHLIB_USE_VERSION_INFO_FALSE=''
CURL_LT_SHLIB_USE_VERSION_INFO_TRUE=''
CURL_LT_SHLIB_VERSIONED_FLAVOUR=''
CURL_NETWORK_AND_TIME_LIBS=''
CURL_NETWORK_LIBS=''
CURL_PLIST_VERSION=''
CURL_WITH_MULTI_SSL=''
CYGPATH_W='echo'
DEFAULT_SSL_BACKEND=''
DEFS=''
DEPDIR='.deps'
DLLTOOL=''
DOING_CURL_SYMBOL_HIDING_FALSE=''
DOING_CURL_SYMBOL_HIDING_TRUE=''
DOING_NATIVE_WINDOWS_FALSE=''
DOING_NATIVE_WINDOWS_TRUE=''
DSYMUTIL=''
DUMPBIN=''
ECHO_C=''
ECHO_N='-n'
ECHO_T=''
EGREP='/bin/grep -E'
ENABLE_SHARED=''
ENABLE_STATIC=''
ETAGS='etags'
EXEEXT=''
FGREP=''
FILECMD=''
FISH_FUNCTIONS_DIR=''
GCOV=''
GREP='/bin/grep'
HAVE_BROTLI=''
HAVE_GNUTLS_SRP=''
HAVE_LDAP_SSL=''
HAVE_LIBZ=''
HAVE_LIBZ_FALSE=''
HAVE_LIBZ_TRUE=''
HAVE_OPENSSL_SRP=''
HAVE_PROTO_BSDSOCKET_H=''
HAVE_ZSTD=''
IDN_ENABLED=''
INSTALL_DATA='${INSTALL} -m 644'
INSTALL_PROGRAM='${INSTALL}'
INSTALL_SCRIPT='${INSTALL}'
INSTALL_STRIP_PROGRAM='$(install_sh) -c -s'
IPV6_ENABLED=''
LCOV=''
LD=''
LDFLAGS='-L/home/chenyujie/learngit/testopenssl/lib'
LIBCURL_LIBS=''
LIBCURL_NO_SHARED=''
LIBOBJS=''
LIBS='-ldl'
LIBTOOL=''
LIPO=''
LN_S=''
LTLIBOBJS=''
LT_SYS_LIBRARY_PATH=''
MAINT='#'
MAINTAINER_MODE_FALSE=''
MAINTAINER_MODE_TRUE='#'
MAKEINFO='${SHELL} '\''/home/chenyujie/learngit/curl-7.84.0/missing'\'' makeinfo'
MANIFEST_TOOL=''
MANOPT=''
MKDIR_P='/bin/mkdir -p'
NM=''
NMEDIT=''
NROFF=''
NSS_LIBS=''
OBJDUMP=''
OBJEXT='o'
OTOOL64=''
OTOOL=''
PACKAGE='curl'
PACKAGE_BUGREPORT='a suitable curl mailing list: https://curl.se/mail/'
PACKAGE_NAME='curl'
PACKAGE_STRING='curl -'
PACKAGE_TARNAME='curl'
PACKAGE_URL=''
PACKAGE_VERSION='-'
PATH_SEPARATOR=':'
PERL=''
PKGADD_NAME='curl - a client that groks URLs'
PKGADD_PKG='HAXXcurl'
PKGADD_VENDOR='curl.se'
PKGCONFIG=''
RANDOM_FILE=''
RANLIB=''
REQUIRE_LIB_DEPS=''
SED='/bin/sed'
SET_MAKE=''
SHELL='/bin/bash'
SSL_BACKENDS=''
SSL_ENABLED=''
SSL_LIBS=''
STRIP='strip'
SUPPORT_FEATURES=''
SUPPORT_PROTOCOLS=''
USE_ARES=''
USE_BEARSSL=''
USE_CPPFLAG_CURL_STATICLIB_FALSE=''
USE_CPPFLAG_CURL_STATICLIB_TRUE=''
USE_EXPLICIT_LIB_DEPS_FALSE=''
USE_EXPLICIT_LIB_DEPS_TRUE=''
USE_GNUTLS=''
USE_GSASL_FALSE=''
USE_GSASL_TRUE=''
USE_HYPER=''
USE_LIBPSL_FALSE=''
USE_LIBPSL_TRUE=''
USE_LIBRTMP=''
USE_LIBSSH2=''
USE_LIBSSH=''
USE_MANUAL_FALSE=''
USE_MANUAL_TRUE=''
USE_MBEDTLS=''
USE_MSH3=''
USE_NGHTTP2=''
USE_NGHTTP3=''
USE_NGTCP2=''
USE_NGTCP2_CRYPTO_GNUTLS=''
USE_NGTCP2_CRYPTO_OPENSSL=''
USE_NSS=''
USE_OPENLDAP=''
USE_QUICHE=''
USE_RUSTLS=''
USE_SCHANNEL=''
USE_SECTRANSP=''
USE_UNIX_SOCKETS=''
USE_WIN32_CRYPTO=''
USE_WIN32_LARGE_FILES=''
USE_WIN32_SMALL_FILES=''
USE_WINDOWS_SSPI=''
USE_WOLFSSH=''
USE_WOLFSSL=''
VERSION='-'
VERSIONNUM='075400'
ZLIB_LIBS=''
ZSH_FUNCTIONS_DIR=''
ac_ct_AR=''
ac_ct_CC=''
ac_ct_DUMPBIN=''
am__EXEEXT_FALSE=''
am__EXEEXT_TRUE=''
am__fastdepCC_FALSE='#'
am__fastdepCC_TRUE=''
am__include='include'
am__isrc=''
am__leading_dot='.'
am__nodep='_no'
am__quote=''
am__tar='$${TAR-tar} chof - "$$tardir"'
am__untar='$${TAR-tar} xf -'
bindir='${exec_prefix}/bin'
build=''
build_alias=''
build_cpu=''
build_os=''
build_vendor=''
datadir='${datarootdir}'
datarootdir='${prefix}/share'
docdir='${datarootdir}/doc/${PACKAGE_TARNAME}'
dvidir='${docdir}'
exec_prefix='NONE'
host='arm-linux'
host_alias='arm-linux'
host_cpu=''
host_os=''
host_vendor=''
htmldir='${docdir}'
includedir='${prefix}/include'
infodir='${datarootdir}/info'
install_sh='${SHELL} /home/chenyujie/learngit/curl-7.84.0/install-sh'
libdir='${exec_prefix}/lib'
libexecdir='${exec_prefix}/libexec'
libext=''
localedir='${datarootdir}/locale'
localstatedir='${prefix}/var'
mandir='${datarootdir}/man'
mkdir_p='$(MKDIR_P)'
oldincludedir='/usr/include'
pdfdir='${docdir}'
prefix='/home/chenyujie/curl/ftps_crul'
program_transform_name='s,x,x,'
psdir='${docdir}'
runstatedir='${localstatedir}/run'
sbindir='${exec_prefix}/sbin'
sharedstatedir='${prefix}/com'
sysconfdir='${prefix}/etc'
target_alias=''

## ----------- ##
## confdefs.h. ##
## ----------- ##

/* confdefs.h */
#define PACKAGE_NAME "curl"
#define PACKAGE_TARNAME "curl"
#define PACKAGE_VERSION "-"
#define PACKAGE_STRING "curl -"
#define PACKAGE_BUGREPORT "a suitable curl mailing list: https://curl.se/mail/"
#define PACKAGE_URL ""
#define HAVE_ATOMIC 1
#define PACKAGE "curl"
#define VERSION "-"

configure: exit 1
